Performing C SOURCE FILE Test HAVE_AVX512 failed with the following output:
Change Dir: /home/darfer/PROYECTO/rt-mbms-modem-build/CMakeFiles/CMakeTmp

Run Build Command(s):/usr/bin/gmake -f Makefile cmTC_4a104/fast && /usr/bin/gmake  -f CMakeFiles/cmTC_4a104.dir/build.make CMakeFiles/cmTC_4a104.dir/build
gmake[1]: se entra en el directorio '/home/darfer/PROYECTO/rt-mbms-modem-build/CMakeFiles/CMakeTmp'
Building C object CMakeFiles/cmTC_4a104.dir/src.c.o
/usr/bin/cc   -Wno-unused-but-set-variable -DHAVE_AVX512 -mavx512f -mavx512cd -mavx512bw -mavx512dq -DLV_HAVE_AVX512 -o CMakeFiles/cmTC_4a104.dir/src.c.o -c /home/darfer/PROYECTO/rt-mbms-modem-build/CMakeFiles/CMakeTmp/src.c
Linking C executable cmTC_4a104
/usr/bin/cmake -E cmake_link_script CMakeFiles/cmTC_4a104.dir/link.txt --verbose=1
/usr/bin/cc  -Wno-unused-but-set-variable -DHAVE_AVX512 -mavx512f -mavx512cd -mavx512bw -mavx512dq -DLV_HAVE_AVX512 -rdynamic CMakeFiles/cmTC_4a104.dir/src.c.o -o cmTC_4a104 
gmake[1]: se sale del directorio '/home/darfer/PROYECTO/rt-mbms-modem-build/CMakeFiles/CMakeTmp'


Return value: FAILED_TO_RUN
Source file was:

          #include <immintrin.h>
          int main()
          {
            __m512i a, b, c;
            const int src[16] = { 0x0, 0x1, 0x2, 0x3, 0x4, 0x5, 0x6, 0x7, 0x8 , 0x9, 0xA, 0xB, 0xC, 0xD, 0xE, 0xF};
            int dst[16];
            a =  _mm512_loadu_si512( (__m512i*)src );
            b =  _mm512_loadu_si512( (__m512i*)src );
            c = _mm512_add_epi32( a, b );
            _mm512_storeu_si512( (__m512i*)dst, c );
            int i = 0;
            for( i = 0; i < 16; i++ ){
              if( ( src[i] + src[i] ) != dst[i] ){
                return -1;
              }
            }
            return 0;
          }
